20231025	12:24:39	db846582-71e6-4b4c-9f21-c7ae382864a0	GET	/	undefined
20231025	12:24:40	28c6372f-b4d8-4096-88b6-3f1e916b7515	GET	/css/stye.css	undefined
20231025	12:31:32	c89fcb13-7714-4fbd-87ca-5457ca0f88d4	GET	/j	undefined
20231025	12:31:33	2122d3fe-770c-48c6-b055-bd51d252e5f7	GET	/css/stye.css	undefined
20231025	12:54:45	e37ebf76-b31e-4dca-9bb1-b2147c8a5126	GET	/java	undefined
20231025	12:54:46	fc888770-a863-44d5-aaa4-8042e85bd226	GET	/css/stye.css	undefined
20231025	12:54:57	5607e8f9-e4a3-4205-9b01-9e9619975e15	GET	/java	undefined
20231025	12:54:57	7004cbd2-91cf-4e57-979c-bcf1899564ad	GET	/css/stye.css	undefined
20231025	12:54:59	4aa80162-c94e-4a84-a130-37b0085ab803	GET	/java	undefined
20231025	12:55:00	89002e2e-650b-4cba-b9a6-c134eb4b0556	GET	/css/stye.css	undefined
20231025	12:55:53	7427c01c-203e-4670-a31e-9d5e39f28691	GET	/java	undefined
20231025	12:55:53	8b0a1a88-ab6a-4e82-b5e7-88d881a3c8ed	GET	/css/stye.css	undefined
20231025	12:55:57	0b4f0736-1e36-4b0a-b9cc-62e088dd334a	GET	/java	undefined
20231025	12:55:58	88f22a27-12f7-4af3-8799-a34f0a0d3337	GET	/css/stye.css	undefined
20231025	12:57:38	e8ed4f12-0afe-439f-9874-14784d895814	GET	/	undefined
20231025	12:57:38	db4d84f5-d612-4dfa-89d5-b9392312e380	GET	/css/stye.css	undefined
20231025	12:57:53	3f3994cc-d981-42ed-9dfb-20a0a0c20310	GET	/	undefined
20231025	12:57:54	b430bbba-fb9f-4352-80c0-a8834b52009e	GET	/css/stye.css	undefined
20231025	12:58:00	b5970332-1892-4b69-84a4-2f3ea5c8a56a	GET	/	undefined
20231025	12:58:01	833382fc-b399-4445-8695-42f4d3154fe1	GET	/css/stye.css	undefined
20231025	15:09:21	0212b02e-3ccd-4a80-9a7a-cf0eb8d1141e	GET	/	undefined
20231025	15:09:21	c90d9bd5-4f0d-42b1-a6fa-aa9e7440e67d	GET	/css/stye.css	undefined
20231025	16:09:17	cd494176-2e11-4ee7-9704-f7b1d1bdd9a2	GET	/	https://www.google.com
20231025	16:10:53	596628f9-8c7f-4d52-aa5b-c9067a9d935e	GET	/	https://www.google.com
20231025	16:11:29	35b10d25-8af7-4fc2-9a3d-4949df8c7ed4	GET	/	https://www.google.com
20231025	16:12:18	a5d7dd96-1933-4289-978f-20806bd433f3	GET	/	undefined
20231025	16:12:19	caf4a55d-7148-4d54-8b83-78a2906478f7	GET	/css/stye.css	undefined
20231025	16:16:10	4acedffc-4075-454e-aa86-bdf909be67bb	GET	/	https://www.google.com
20231026	12:35:39	67829b06-8f47-462c-a259-463ac81bb37e	GET	/	undefined
20231026	12:35:39	9c00b438-de0a-4a2d-b3a6-04ebd2a4e885	GET	/css/stye.css	undefined
20231026	12:36:36	6c9592a8-f894-4703-964b-d60c64f0d9c1	GET	/	https://www.google.com
20231026	13:03:54	1e0c5290-27f0-4c88-a36d-b94e22cb07cf	GET	/	undefined
20231026	13:03:59	95317534-8702-49bb-a076-e51a12d5405d	GET	/	undefined
20231026	13:04:16	7a988118-1c3a-4091-a7c1-66a1470d651e	GET	/	https://www.google.com
20231026	13:05:57	16540fae-b4d2-4ba1-b46a-75671c536ee7	GET	/	undefined
20231026	13:05:58	2093aafa-8fa6-435f-9b4b-44e1f754d8a1	GET	/	undefined
20231026	13:07:17	6f1a5e69-fba2-4710-bbec-31f9bd6d289d	GET	/	undefined
20231026	13:07:23	f1ad5bb3-1937-4224-94a3-2e3fc1eb16e2	GET	/	undefined
20231026	13:07:31	d1f6e88c-1162-4756-8d50-b1770928ae86	GET	/	https://www.google.com
20231026	13:08:01	0bea0ead-9542-4d8d-aae6-6e51da4572dc	GET	/	undefined
20231026	13:08:18	5ee506a2-c323-4a5e-9a0c-995ccd6e6b3a	GET	/	https://www.google.com
20231026	13:08:35	fd35e81e-2533-4292-b69d-a9ef412bdd36	GET	/	undefined
20231026	14:27:21	e96185c5-7f9a-4939-9dc7-769ded281afd	GET	/	undefined
20231113	04:22:05	8a4325a9-ac76-420b-b58c-47cb22c0bbab	GET	/	undefined
20231113	04:22:10	520e83c5-7fab-448f-b647-db26ff87f4bc	GET	/	undefined
20231114	11:09:38	bff4e73f-0008-46bf-884e-344db6e5e448	GET	/	undefined
20231114	11:09:46	e8d509bc-c7fb-4d7a-93c8-b9c7e94a28af	GET	/	undefined
20231114	11:09:50	904aec03-3cf7-4010-ad29-fc9287eafd11	GET	/	undefined
20231115	08:50:31	1e5a1981-33f1-447c-ae07-cc624bae1244	GET	/	undefined
